[18:32:09] [Client thread/INFO]: Setting user: Player872
[18:32:09] [Client thread/INFO]: (Session ID is token:0:Player872)
[18:32:35] [Client thread/INFO]: LWJGL Version: 2.9.4
[18:32:45] [Client thread/INFO]: Reloading ResourceManager: Default
[18:32:47] [Sound Library Loader/INFO]: Starting up SoundSystem...
[18:32:47] [Thread-7/INFO]: Initializing LWJGL OpenAL
[18:32:47] [Thread-7/INFO]: (The LWJGL binding of OpenAL.  For more information, see http://www.lwjgl.org)
[18:32:52] [Thread-7/INFO]: OpenAL initialized.
[18:32:52] [Sound Library Loader/INFO]: Sound engine started
[18:33:03] [Client thread/INFO]: Created: 512x512 textures-atlas
[18:34:45] [Server thread/INFO]: Starting integrated minecraft server version 1.8.8
[18:34:45] [Server thread/INFO]: Generating keypair
[18:34:47] [Server thread/INFO]: Preparing start region for level 0
[18:34:48] [Server thread/INFO]: Preparing spawn area: 11%
[18:34:49] [Server thread/INFO]: Preparing spawn area: 18%
[18:34:50] [Server thread/INFO]: Preparing spawn area: 25%
[18:34:52] [Server thread/INFO]: Preparing spawn area: 37%
[18:34:53] [Server thread/INFO]: Preparing spawn area: 53%
[18:34:56] [Server thread/INFO]: Preparing spawn area: 70%
[18:34:57] [Server thread/INFO]: Preparing spawn area: 97%
[18:34:57] [Server thread/INFO]: Changing view distance to 2, from 10
[18:35:03] [Server thread/INFO]: Player872[local:E:429119bf] logged in with entity id 24 at (850.231792990821, 237.41999998688698, -832.0578730701525)
[18:35:03] [Server thread/INFO]: Player872 joined the game
[18:35:05] [Client thread/INFO]: [CHAT] A new §eOptiFine§f version is available: §eHD Ultra I7§f
[18:35:05] [Server thread/WARN]: Can't keep up! Did the system time change, or is the server overloaded? Running 2022ms behind, skipping 40 tick(s)
[18:35:09] [Server thread/INFO]: Saving and pausing game...
[18:35:09] [Server thread/INFO]: Saving chunks for level 'New World'/Overworld
[18:35:11] [Server thread/INFO]: Saving chunks for level 'New World'/Nether
[18:35:11] [Server thread/INFO]: Saving chunks for level 'New World'/The End
[18:35:40] [Server thread/WARN]: Can't keep up! Did the system time change, or is the server overloaded? Running 7950ms behind, skipping 159 tick(s)
[18:35:40] [Server thread/INFO]: Saving and pausing game...
[18:35:40] [Server thread/INFO]: Saving chunks for level 'New World'/Overworld
[18:35:41] [Server thread/INFO]: Saving chunks for level 'New World'/Nether
[18:35:41] [Server thread/INFO]: Saving chunks for level 'New World'/The End
[18:35:46] [Server thread/INFO]: Saving and pausing game...
[18:35:46] [Server thread/INFO]: Saving chunks for level 'New World'/Overworld
[18:35:47] [Server thread/INFO]: Saving chunks for level 'New World'/Nether
[18:35:47] [Server thread/INFO]: Saving chunks for level 'New World'/The End
[18:37:44] [Client Shutdown Thread/INFO]: Stopping server
[18:37:44] [Client Shutdown Thread/INFO]: Saving players
